#
# A fatal error has been detected by the Java Runtime Environment:
#
#  EXCEPTION_ACCESS_VIOLATION (0xc0000005) at pc=0x00000218d69243e8, pid=15664, tid=31276
#
# JRE version: Java(TM) SE Runtime Environment (24.0.1+9) (build 24.0.1+9-30)
# Java VM: Java HotSpot(TM) 64-Bit Server VM (24.0.1+9-30, mixed mode, sharing, tiered, compressed oops, compressed class ptrs, g1 gc, windows-amd64)
# Problematic frame:
# j  java.lang.invoke.DirectMethodHandle$Holder.invokeVirtual(Ljava/lang/Object;Ljava/lang/Object;)Ljava/lang/Object;+10 java.base@24.0.1
#
# No core dump will be written. Minidumps are not enabled by default on client versions of Windows
#
# If you would like to submit a bug report, please visit:
#   https://bugreport.java.com/bugreport/crash.jsp
#

---------------  S U M M A R Y ------------

Command Line: -agentlib:jdwp=transport=dt_socket,address=127.0.0.1:62796,suspend=y,server=n --enable-native-access=ALL-UNNAMED --enable-preview -javaagent:C:\Users\PC_01\AppData\Local\JetBrains\IdeaIC2024.3\captureAgent\debugger-agent.jar -Dkotlinx.coroutines.debug.enable.creation.stack.trace=false -Ddebugger.agent.enable.coroutines=true -Dkotlinx.coroutines.debug.enable.flows.stack.trace=true -Dkotlinx.coroutines.debug.enable.mutable.state.flows.stack.trace=true -Dfile.encoding=UTF-8 -Dsun.stdout.encoding=UTF-8 -Dsun.stderr.encoding=UTF-8 com.project_sem4.book_store.BookStoreApplication

Host: 12th Gen Intel(R) Core(TM) i5-12400F, 12 cores, 31G,  Windows 11 , 64 bit Build 26100 (10.0.26100.3775)
Time: Fri May  9 10:32:10 2025 SE Asia Standard Time elapsed time: 23.455574 seconds (0d 0h 0m 23s)

---------------  T H R E A D  ---------------

Current thread (0x00000218f6138fa0):  JavaThread "http-nio-8080-exec-2" daemon [_thread_in_Java, id=31276, stack(0x0000009605700000,0x0000009605800000) (1024K)]

Stack: [0x0000009605700000,0x0000009605800000],  sp=0x00000096057fc0a0,  free space=1008k
Native frames: (J=compiled Java code, j=interpreted, Vv=VM code, C=native code)
C  0x00000218d69243e8  (no source info available)

The last pc belongs to invokestatic (printed below).

siginfo: EXCEPTION_ACCESS_VIOLATION (0xc0000005), reading address 0xffffffffffffffff


Registers:
RAX=0x00000218eefa0f68, RBX=0x00000218ec021448, RCX=0x0000021880014a30, RDX=0x0000000000000002
RSP=0x00000096057fc0a0, RBP=0x00000096057fc0f8, RSI=0x00000218c21d2668, RDI=0x00000218f0fa46a0
R8 =0x0000000000000004, R9 =0x0000000000000004, R10=0x00007ffc8d304840, R11=0x00000218801f82f8
R12=0x0000000000000000, R13=0xfffffffffffffff7, R14=0x00000096057fc118, R15=0x00000218f6138fa0
RIP=0x00000218d69243e8, EFLAGS=0x0000000000010282

XMM[0]=0x0000000000000000 0x0000000000000000
XMM[1]=0x0000000000000000 0x0000000000000000
XMM[2]=0x0000000000000000 0x0000000000000000
XMM[3]=0x0000000000000000 0x0000000000000000
XMM[4]=0x0000000000000000 0x0000000000000000
XMM[5]=0x0000000000000000 0x0000000000000000
XMM[6]=0x7dd7bc017dd7bc01 0x7dd7bc017dd7bc01
XMM[7]=0x294fe48100acab9f 0x14e8c84188303fdf
XMM[8]=0x0c98f5818685ba9f 0x4a319941fc018edf
XMM[9]=0xee830681e1ddc99f 0x59db6a41e191dddf
XMM[10]=0x000e178101b4d89f 0x34e63b4167e12cdf
XMM[11]=0x9416cf9ef2b00166 0x0963079bf8e1a4ed
XMM[12]=0xdc7be757044ff4e7 0xab048c19f1f4f9cd
XMM[13]=0x0000000000000000 0x0000000000000000
XMM[14]=0x0000000000000000 0x0000000000000000
XMM[15]=0x0000000000000000 0x0000000000000000
  MXCSR=0x00001fa0


Register to memory mapping:

RAX=0x00000218eefa0f68 is pointing into metadata
RBX={method} {0x00000218ec021450} 'linkToVirtual' '(Ljava/lang/Object;Ljava/lang/invoke/MemberName;)Ljava/lang/Object;' in 'java/lang/invoke/MethodHandle'
RCX=0x0000021880014a30 is pointing into metadata
RDX=0x0000000000000002 is an unknown value
RSP=0x00000096057fc0a0 is pointing into the stack for thread: 0x00000218f6138fa0
RBP=0x00000096057fc0f8 is pointing into the stack for thread: 0x00000218f6138fa0
RSI=0x00000218c21d2668 points into unknown readable memory: 0x88003665c9d2d4dc | dc d4 d2 c9 65 36 00 88
RDI=0x00000218f0fa46a0 points into unknown readable memory: 0x0050005c003a0043 | 43 00 3a 00 5c 00 50 00
R8 =0x0000000000000004 is an unknown value
R9 =0x0000000000000004 is an unknown value
R10=0x00007ffc8d304840 jvm.dll
R11={method} {0x00000218801f8300} 'invokeVirtual' '(Ljava/lang/Object;Ljava/lang/Object;)Ljava/lang/Object;' in 'java/lang/invoke/DirectMethodHandle$Holder'
R12=0x0 is null
R13=0xfffffffffffffff7 is an unknown value
R14=0x00000096057fc118 is pointing into the stack for thread: 0x00000218f6138fa0
R15=0x00000218f6138fa0 is a thread

Top of Stack: (sp=0x00000096057fc0a0)
0x00000096057fc0a0:   00000218d6909681 0000000605223570   ........p5".....
0x00000096057fc0b0:   fffffffffffffff7 00000218807f51aa   .........Q......
0x00000096057fc0c0:   0000000000000004 00000218801f69f8   .........i......
0x00000096057fc0d0:   00000218eefa0f60 00000006030002f0   `...............
0x00000096057fc0e0:   00000218801f82f8 0000000000000000   ................
0x00000096057fc0f0:   00000096057fc120 0000000605223570    .......p5".....
0x00000096057fc100:   00000218cf7e1ae0 00000006063479d8   ..~......y4.....
0x00000096057fc110:   0000000605223570 0000000606347b38   p5".....8{4.....
0x00000096057fc120:   0000000000000000 00000006051984b0   ................
0x00000096057fc130:   00000006051984b0 0000000606347d08   .........}4.....
0x00000096057fc140:   0000000605223570 0000000606347cb8   p5"......|4.....
0x00000096057fc150:   0000000606347b38 0000000605223570   8{4.....p5".....
0x00000096057fc160:   00000218cf7e1994 0000000000000000   ..~.............
0x00000096057fc170:   0000000605223570 00000218d72c4a5c   p5".....\J,.....
0x00000096057fc180:   000000000000070a 00007ffc8cd0f8a9   ................
0x00000096057fc190:   00000096057fc300 00007ffc8cd0f7ed   ................
0x00000096057fc1a0:   0000000606347d08 0000000606347d30   .}4.....0}4.....
0x00000096057fc1b0:   0000000000000000 0000000000000000   ................
0x00000096057fc1c0:   0000000606347d30 000000060632a3e8   0}4.......2.....
0x00000096057fc1d0:   0000000605223570 000000060632a3e8   p5".......2.....
0x00000096057fc1e0:   0000000000000140 00000218f6138fa0   @...............
0x00000096057fc1f0:   00000218f7b96690 00000006051980e0   .f..............
0x00000096057fc200:   00000096057fc300 000000000000070a   ................
0x00000096057fc210:   0000000000000618 00000000000000b6   ................
0x00000096057fc220:   00000096c0600000 00000218d6923891   ..`......8......
0x00000096057fc230:   0000000605835e30 00000218d72c32c8   0^.......2,.....
0x00000096057fc240:   00000096057fc2b8 00000218d6909681   ................
0x00000096057fc250:   00000218d6909681 000000060632a3e8   ..........2.....
0x00000096057fc260:   0000000605223570 00000006051980e0   p5".............
0x00000096057fc270:   fffffffffffffff7 00000218f7b9652f   ......../e......
0x00000096057fc280:   0000000000000009 00000218f8088d90   ................
0x00000096057fc290:   0000000000000000 0000000605895598   .........U......

Instructions: (pc=0x00000218d69243e8)
  0x00000218d69242e8:   ff d0 48 83 c4 20 ff e0 49 83 7f 08 00 0f 84 05
  0x00000218d69242f8:   00 00 00 e9 c0 cb fd ff 4c 8b 6d c0 4c 8b 75 c8
  0x00000218d6924308:   4e 8d 74 f5 00 c3 48 8b 4d d0 41 0f b7 55 01 48
  0x00000218d6924318:   8b 49 38 6b d2 18 48 8d 4c 11 08 48 8b 19 48 8b
  0x00000218d6924328:   5b 08 48 8b 5b 08 48 8b 5b 18 80 bb 40 01 00 00
  0x00000218d6924338:   04 0f 84 0d 00 00 00 4c 3b bb 48 01 00 00 0f 85
  0x00000218d6924348:   63 fe ff ff 0f b6 51 15 48 8b 19 4c 89 6d c0 44
  0x00000218d6924358:   8b ea 0f b6 51 14 49 ba 40 48 30 8d fc 7f 00 00
  0x00000218d6924368:   49 8b 14 d2 52 41 8b d5 4c 8b 6d c0 48 8b 45 d8
  0x00000218d6924378:   48 85 c0 0f 84 12 00 00 00 48 83 40 08 01 48 83
  0x00000218d6924388:   58 08 00 48 83 c0 10 48 89 45 d8 48 8b 45 d8 48
  0x00000218d6924398:   85 c0 0f 84 3d 01 00 00 80 78 f0 0a 0f 85 33 01
  0x00000218d69243a8:   00 00 48 83 c0 08 4c 8b 68 f8 41 83 ed 00 41 83
  0x00000218d69243b8:   fd 02 0f 8c 12 01 00 00 4c 8b 6b 08 45 0f b7 6d
  0x00000218d69243c8:   2e 4c 2b 28 41 83 ed 01 4e 8b 6c ec 08 4d 85 ed
  0x00000218d69243d8:   75 0e f6 40 08 01 75 58 f0 48 83 48 08 01 eb 50
=>0x00000218d69243e8:   45 8b 6d 08 49 ba 00 00 00 80 18 02 00 00 4d 03
  0x00000218d69243f8:   ea 4d 8b d5 4c 33 68 08 49 f7 c5 fc ff ff ff 74
  0x00000218d6924408:   2f 41 f6 c5 02 75 29 48 83 78 08 00 74 1e 48 83
  0x00000218d6924418:   78 08 01 74 17 4d 8b ea 4c 33 68 08 49 f7 c5 fc
  0x00000218d6924428:   ff ff ff 74 0b 48 83 48 08 02 eb 04 4c 89 68 08
  0x00000218d6924438:   48 83 c0 10 4c 8b 68 e8 41 83 ed 02 41 83 fd 02
  0x00000218d6924448:   0f 8c 84 00 00 00 4c 8b 6b 08 45 0f b7 6d 2e 4c
  0x00000218d6924458:   2b 28 41 83 ed 01 4e 8b 6c ec 08 4d 85 ed 75 0e
  0x00000218d6924468:   f6 40 08 01 75 58 f0 48 83 48 08 01 eb 50 45 8b
  0x00000218d6924478:   6d 08 49 ba 00 00 00 80 18 02 00 00 4d 03 ea 4d
  0x00000218d6924488:   8b d5 4c 33 68 08 49 f7 c5 fc ff ff ff 74 2f 41
  0x00000218d6924498:   f6 c5 02 75 29 48 83 78 08 00 74 1e 48 83 78 08
  0x00000218d69244a8:   01 74 17 4d 8b ea 4c 33 68 08 49 f7 c5 fc ff ff
  0x00000218d69244b8:   ff 74 0b 48 83 48 08 02 eb 04 4c 89 68 08 48 83
  0x00000218d69244c8:   c0 10 4c 8b 68 d8 41 83 ed 04 41 c1 e5 03 49 03
  0x00000218d69244d8:   c5 48 89 45 d8 4c 8d 6c 24 08 49 8b cd 48 2b cd


Stack slot to memory mapping:

stack at sp + 0 slots: 0x00000218d6909681 is at code_begin+4801 in an Interpreter codelet
return entry points  [0x00000218d69083c0, 0x00000218d690a5c0]  8704 bytes
stack at sp + 1 slots: 0x0000000605223570 is an oop: com.project_sem4.book_store.controller.RoleController 
{0x0000000605223570} - klass: 'com/project_sem4/book_store/controller/RoleController' - flags: 

 - ---- fields (total size 2 words):
 - private final 'roleService' 'Lcom/project_sem4/book_store/service/RoleService;' @12  a 'com/project_sem4/book_store/service/RoleService'{0x0000000605223580} (0xc0a446b0)
stack at sp + 2 slots: 0xfffffffffffffff7 is an unknown value
stack at sp + 3 slots: 0x00000218807f51aa is pointing into metadata
stack at sp + 4 slots: 0x0000000000000004 is an unknown value
stack at sp + 5 slots: 0x00000218801f69f8 is pointing into metadata
stack at sp + 6 slots: 0x00000218eefa0f60 is pointing into metadata
stack at sp + 7 slots: 0x00000006030002f0 is an oop: java.lang.Class 
{0x00000006030002f0} - klass: 'java/lang/Class' - flags: 

 - ---- fields (total size 14 words):
 - private volatile transient 'classRedefinedCount' 'I' @12  0 (0x00000000)
 - injected 'klass' 'J' @16  2304252012512 (0x00000218801f67e0)
 - injected 'array_klass' 'J' @24  0 (0x0000000000000000)
 - injected 'oop_size' 'I' @32  14 (0x0000000e)
 - injected 'static_oop_field_count' 'I' @36  0 (0x00000000)
 - private volatile transient 'cachedConstructor' 'Ljava/lang/reflect/Constructor;' @40  null (0x00000000)
 - private transient 'name' 'Ljava/lang/String;' @44  "java.lang.invoke.DirectMethodHandle$Holder"{0x00000006035f32b0} (0xc06be656)
 - private transient 'module' 'Ljava/lang/Module;' @48  a 'java/lang/Module'{0x00000006030035e0} (0xc06006bc)
 - private final 'classLoader' 'Ljava/lang/ClassLoader;' @52  null (0x00000000)
 - private transient 'classData' 'Ljava/lang/Object;' @56  null (0x00000000)
 - private transient 'signers' '[Ljava/lang/Object;' @60  null (0x00000000)
 - private transient 'packageName' 'Ljava/lang/String;' @64  null (0x00000000)
 - private final 'componentType' 'Ljava/lang/Class;' @68  null (0x00000000)
 - private volatile transient 'reflectionData' 'Ljava/lang/ref/SoftReference;' @72  null (0x00000000)
 - private volatile transient 'genericInfo' 'Lsun/reflect/generics/repository/ClassRepository;' @76  null (0x00000000)
 - private volatile transient 'enumConstants' '[Ljava/lang/Object;' @80  null (0x00000000)
 - private volatile transient 'enumConstantDirectory' 'Ljava/util/Map;' @84  null (0x00000000)
 - private volatile transient 'annotationData' 'Ljava/lang/Class$AnnotationData;' @88  null (0x00000000)
 - private volatile transient 'annotationType' 'Lsun/reflect/annotation/AnnotationType;' @92  null (0x00000000)
 - transient 'classValueMap' 'Ljava/lang/ClassValue$ClassValueMap;' @96  null (0x00000000)
 - injected 'protection_domain' 'Ljava/lang/Object;' @100  null (0x00000000)
 - injected 'source_file' 'Ljava/lang/Object;' @104  null (0x00000000)
 - injected '<init_lock>' 'Ljava/lang/Object;' @108  null (0x00000000)
 - signature: Ljava/lang/invoke/DirectMethodHandle$Holder;
 - ---- static fields (0):

Lock stack of current Java thread (top to bottom):

invokestatic  184 invokestatic  [0x00000218d6924160, 0x00000218d6924500]  928 bytes
[MachCode]
  0x00000218d6924160: 4883 ec08 | c5fa 1104 | 24eb 1f48 | 83ec 10c5 | fb11 0424 | eb14 4883 | ec10 4889 | 0424 48c7 
  0x00000218d6924180: 4424 0800 | 0000 00eb | 0150 488b | 4dd0 410f | b755 0148 | 8b49 386b | d218 488d | 4c11 080f 
  0x00000218d69241a0: b659 1681 | fbb8 0000 | 000f 8474 | 0100 00bb | b800 0000 | e805 0000 | 00e9 5001 | 0000 488b 
  0x00000218d69241c0: d348 8d44 | 2408 4c89 | 6dc0 498b | cfc5 f877 | 4989 afb8 | 0300 0049 | 8987 a803 | 0000 4883 
  0x00000218d69241e0: ec20 40f6 | c40f 0f84 | 1900 0000 | 4883 ec08 | 48b8 105e | a48c fc7f | 0000 ffd0 | 4883 c408 
  0x00000218d6924200: e90c 0000 | 0048 b810 | 5ea4 8cfc | 7f00 00ff | d048 83c4 | 2049 c787 | a803 0000 | 0000 0000 
  0x00000218d6924220: 49c7 87b8 | 0300 0000 | 0000 0049 | c787 b003 | 0000 0000 | 0000 c5f8 | 7741 8b8f | 3405 0000 
  0x00000218d6924240: f6c1 010f | 8442 0000 | 00f6 c102 | 0f85 3900 | 0000 4883 | ec20 40f6 | c40f 0f84 | 1900 0000 
  0x00000218d6924260: 4883 ec08 | 48b8 b003 | a48c fc7f | 0000 ffd0 | 4883 c408 | e90c 0000 | 0048 b8b0 | 03a4 8cfc 
  0x00000218d6924280: 7f00 00ff | d048 83c4 | 20ff e049 | 8b8f f805 | 0000 4885 | c90f 8455 | 0000 008b | 899c 0000 
  0x00000218d69242a0: 0083 f901 | 0f85 4600 | 0000 498b | 8ff8 0500 | 008b 89a0 | 0000 0048 | 83ec 2040 | f6c4 0f0f 
  0x00000218d69242c0: 8419 0000 | 0048 83ec | 0848 b8a0 | 03a4 8cfc | 7f00 00ff | d048 83c4 | 08e9 0c00 | 0000 48b8 
  0x00000218d69242e0: a003 a48c | fc7f 0000 | ffd0 4883 | c420 ffe0 | 4983 7f08 | 000f 8405 | 0000 00e9 | c0cb fdff 
  0x00000218d6924300: 4c8b 6dc0 | 4c8b 75c8 | 4e8d 74f5 | 00c3 488b | 4dd0 410f | b755 0148 | 8b49 386b | d218 488d 
  0x00000218d6924320: 4c11 0848 | 8b19 488b | 5b08 488b | 5b08 488b | 5b18 80bb | 4001 0000 | 040f 840d | 0000 004c 
  0x00000218d6924340: 3bbb 4801 | 0000 0f85 | 63fe ffff | 0fb6 5115 | 488b 194c | 896d c044 | 8bea 0fb6 | 5114 49ba 
  0x00000218d6924360: 4048 308d | fc7f 0000 | 498b 14d2 | 5241 8bd5 | 4c8b 6dc0 | 488b 45d8 | 4885 c00f | 8412 0000 
  0x00000218d6924380: 0048 8340 | 0801 4883 | 5808 0048 | 83c0 1048 | 8945 d848 | 8b45 d848 | 85c0 0f84 | 3d01 0000 
  0x00000218d69243a0: 8078 f00a | 0f85 3301 | 0000 4883 | c008 4c8b | 68f8 4183 | ed00 4183 | fd02 0f8c | 1201 0000 
  0x00000218d69243c0: 4c8b 6b08 | 450f b76d | 2e4c 2b28 | 4183 ed01 | 4e8b 6cec | 084d 85ed | 750e f640 | 0801 7558 
  0x00000218d69243e0: f048 8348 | 0801 eb50 | 458b 6d08 | 49ba 0000 | 0080 1802 | 0000 4d03 | ea4d 8bd5 | 4c33 6808 
  0x00000218d6924400: 49f7 c5fc | ffff ff74 | 2f41 f6c5 | 0275 2948 | 8378 0800 | 741e 4883 | 7808 0174 | 174d 8bea 
  0x00000218d6924420: 4c33 6808 | 49f7 c5fc | ffff ff74 | 0b48 8348 | 0802 eb04 | 4c89 6808 | 4883 c010 | 4c8b 68e8 
  0x00000218d6924440: 4183 ed02 | 4183 fd02 | 0f8c 8400 | 0000 4c8b | 6b08 450f | b76d 2e4c | 2b28 4183 | ed01 4e8b 
  0x00000218d6924460: 6cec 084d | 85ed 750e | f640 0801 | 7558 f048 | 8348 0801 | eb50 458b | 6d08 49ba | 0000 0080 
  0x00000218d6924480: 1802 0000 | 4d03 ea4d | 8bd5 4c33 | 6808 49f7 | c5fc ffff | ff74 2f41 | f6c5 0275 | 2948 8378 
  0x00000218d69244a0: 0800 741e | 4883 7808 | 0174 174d | 8bea 4c33 | 6808 49f7 | c5fc ffff | ff74 0b48 | 8348 0802 
  0x00000218d69244c0: eb04 4c89 | 6808 4883 | c010 4c8b | 68d8 4183 | ed04 41c1 | e503 4903 | c548 8945 | d84c 8d6c 
  0x00000218d69244e0: 2408 498b | cd48 2bcd | 48c1 f903 | 4889 4df0 | 4180 bf00 | 0600 0000 | 7403 ff63 | 38ff 6350 
[/MachCode]

---------------  P R O C E S S  ---------------

Threads class SMR info:
_java_thread_list=0x00000218f1e29bb0, length=31, elements={
0x00000218c101aca0, 0x00000218c101d4f0, 0x00000218c1022be0, 0x00000218c1023710,
0x00000218c1025920, 0x00000218c1027460, 0x00000218c1037830, 0x00000218c10403d0,
0x00000218c125feb0, 0x00000218c126eef0, 0x00000218c1273660, 0x00000218c13372c0,
0x00000218c12b5230, 0x00000218f41ff160, 0x00000218f4203a80, 0x00000218f4203330,
0x00000218f42041d0, 0x00000218f3f42cb0, 0x00000218f6138850, 0x00000218f6138fa0,
0x00000218f6135c70, 0x00000218f61396f0, 0x00000218f61363c0, 0x00000218f6139e40,
0x00000218f6136b10, 0x00000218f613a590, 0x00000218f6137260, 0x00000218f613ace0,
0x00000218f613b430, 0x00000218f613bb80, 0x00000218c316d060
}

Java Threads: ( => current thread )
  0x00000218c101aca0 JavaThread "Reference Handler"          daemon [_thread_blocked, id=23596, stack(0x0000009603500000,0x0000009603600000) (1024K)]
  0x00000218c101d4f0 JavaThread "Finalizer"                  daemon [_thread_blocked, id=5768, stack(0x0000009603600000,0x0000009603700000) (1024K)]
  0x00000218c1022be0 JavaThread "Signal Dispatcher"          daemon [_thread_blocked, id=23904, stack(0x0000009603700000,0x0000009603800000) (1024K)]
  0x00000218c1023710 JavaThread "Attach Listener"            daemon [_thread_blocked, id=25484, stack(0x0000009603800000,0x0000009603900000) (1024K)]
  0x00000218c1025920 JavaThread "Service Thread"             daemon [_thread_blocked, id=18212, stack(0x0000009603900000,0x0000009603a00000) (1024K)]
  0x00000218c1027460 JavaThread "Monitor Deflation Thread"   daemon [_thread_blocked, id=27416, stack(0x0000009603a00000,0x0000009603b00000) (1024K)]
  0x00000218c1037830 JavaThread "C2 CompilerThread0"         daemon [_thread_blocked, id=29772, stack(0x0000009603b00000,0x0000009603c00000) (1024K)]
  0x00000218c10403d0 JavaThread "C1 CompilerThread0"         daemon [_thread_blocked, id=26332, stack(0x0000009603c00000,0x0000009603d00000) (1024K)]
  0x00000218c125feb0 JavaThread "JDWP Transport Listener: dt_socket" daemon [_thread_blocked, id=31772, stack(0x0000009603d00000,0x0000009603e00000) (1024K)]
  0x00000218c126eef0 JavaThread "JDWP Event Helper Thread"   daemon [_thread_blocked, id=15804, stack(0x0000009603e00000,0x0000009603f00000) (1024K)]
  0x00000218c1273660 JavaThread "JDWP Command Reader"        daemon [_thread_in_native, id=21308, stack(0x0000009603f00000,0x0000009604000000) (1024K)]
  0x00000218c13372c0 JavaThread "Notification Thread"        daemon [_thread_blocked, id=14068, stack(0x0000009604000000,0x0000009604100000) (1024K)]
  0x00000218c12b5230 JavaThread "Common-Cleaner"             daemon [_thread_blocked, id=11204, stack(0x0000009604100000,0x0000009604200000) (1024K)]
  0x00000218f41ff160 JavaThread "Catalina-utility-1"                [_thread_blocked, id=25260, stack(0x0000009604300000,0x0000009604400000) (1024K)]
  0x00000218f4203a80 JavaThread "Catalina-utility-2"                [_thread_blocked, id=13848, stack(0x0000009605000000,0x0000009605100000) (1024K)]
  0x00000218f4203330 JavaThread "container-0"                       [_thread_blocked, id=19568, stack(0x0000009605100000,0x0000009605200000) (1024K)]
  0x00000218f42041d0 JavaThread "mysql-cj-abandoned-connection-cleanup" daemon [_thread_blocked, id=24656, stack(0x0000009605200000,0x0000009605300000) (1024K)]
  0x00000218f3f42cb0 JavaThread "HikariPool-1 housekeeper"   daemon [_thread_blocked, id=12744, stack(0x0000009605400000,0x0000009605500000) (1024K)]
  0x00000218f6138850 JavaThread "http-nio-8080-exec-1"       daemon [_thread_blocked, id=21468, stack(0x0000009605600000,0x0000009605700000) (1024K)]
=>0x00000218f6138fa0 JavaThread "http-nio-8080-exec-2"       daemon [_thread_in_Java, id=31276, stack(0x0000009605700000,0x0000009605800000) (1024K)]
  0x00000218f6135c70 JavaThread "http-nio-8080-exec-3"       daemon [_thread_blocked, id=26612, stack(0x0000009605800000,0x0000009605900000) (1024K)]
  0x00000218f61396f0 JavaThread "http-nio-8080-exec-4"       daemon [_thread_blocked, id=1232, stack(0x0000009605900000,0x0000009605a00000) (1024K)]
  0x00000218f61363c0 JavaThread "http-nio-8080-exec-5"       daemon [_thread_blocked, id=3252, stack(0x0000009605a00000,0x0000009605b00000) (1024K)]
  0x00000218f6139e40 JavaThread "http-nio-8080-exec-6"       daemon [_thread_blocked, id=25388, stack(0x0000009605b00000,0x0000009605c00000) (1024K)]
  0x00000218f6136b10 JavaThread "http-nio-8080-exec-7"       daemon [_thread_blocked, id=25776, stack(0x0000009605c00000,0x0000009605d00000) (1024K)]
  0x00000218f613a590 JavaThread "http-nio-8080-exec-8"       daemon [_thread_blocked, id=20240, stack(0x0000009605d00000,0x0000009605e00000) (1024K)]
  0x00000218f6137260 JavaThread "http-nio-8080-exec-9"       daemon [_thread_blocked, id=10808, stack(0x0000009605e00000,0x0000009605f00000) (1024K)]
  0x00000218f613ace0 JavaThread "http-nio-8080-exec-10"      daemon [_thread_blocked, id=23612, stack(0x0000009605f00000,0x0000009606000000) (1024K)]
  0x00000218f613b430 JavaThread "http-nio-8080-Poller"       daemon [_thread_in_native, id=30416, stack(0x0000009606000000,0x0000009606100000) (1024K)]
  0x00000218f613bb80 JavaThread "http-nio-8080-Acceptor"     daemon [_thread_in_native, id=5352, stack(0x0000009606100000,0x0000009606200000) (1024K)]
  0x00000218c316d060 JavaThread "DestroyJavaVM"                     [_thread_blocked, id=8536, stack(0x0000009602d00000,0x0000009602e00000) (1024K)]
Total: 31

Other Threads:
  0x00000218c100b770 VMThread "VM Thread"                           [id=4532, stack(0x0000009603400000,0x0000009603500000) (1024K)]
  0x00000218e8ac5810 WatcherThread "VM Periodic Task Thread"        [id=4596, stack(0x0000009603300000,0x0000009603400000) (1024K)]
  0x00000218e8a2fb10 WorkerThread "GC Thread#0"                     [id=17832, stack(0x0000009602e00000,0x0000009602f00000) (1024K)]
  0x00000218c27a5ad0 WorkerThread "GC Thread#1"                     [id=28596, stack(0x0000009604400000,0x0000009604500000) (1024K)]
  0x00000218c27a6990 WorkerThread "GC Thread#2"                     [id=24120, stack(0x0000009604500000,0x0000009604600000) (1024K)]
  0x00000218c27a5e80 WorkerThread "GC Thread#3"                     [id=27436, stack(0x0000009604600000,0x0000009604700000) (1024K)]
  0x00000218c27a5720 WorkerThread "GC Thread#4"                     [id=26352, stack(0x0000009604700000,0x0000009604800000) (1024K)]
  0x00000218c27a6230 WorkerThread "GC Thread#5"                     [id=11804, stack(0x0000009604800000,0x0000009604900000) (1024K)]
  0x00000218c2a38430 WorkerThread "GC Thread#6"                     [id=3036, stack(0x0000009604900000,0x0000009604a00000) (1024K)]
  0x00000218c2a3a560 WorkerThread "GC Thread#7"                     [id=3364, stack(0x0000009604a00000,0x0000009604b00000) (1024K)]
  0x00000218c2a387e0 WorkerThread "GC Thread#8"                     [id=15500, stack(0x0000009604b00000,0x0000009604c00000) (1024K)]
  0x00000218c2a3b420 WorkerThread "GC Thread#9"                     [id=21148, stack(0x0000009604c00000,0x0000009604d00000) (1024K)]
  0x00000218c6bbc590 ConcurrentGCThread "G1 Main Marker"            [id=12684, stack(0x0000009602f00000,0x0000009603000000) (1024K)]
  0x00000218c6bbd650 WorkerThread "G1 Conc#0"                       [id=26928, stack(0x0000009603000000,0x0000009603100000) (1024K)]
  0x00000218c2a392f0 WorkerThread "G1 Conc#1"                       [id=21704, stack(0x0000009604d00000,0x0000009604e00000) (1024K)]
  0x00000218c2a396a0 WorkerThread "G1 Conc#2"                       [id=24548, stack(0x0000009604e00000,0x0000009604f00000) (1024K)]
  0x00000218e8ab1780 ConcurrentGCThread "G1 Refine#0"               [id=19004, stack(0x0000009603100000,0x0000009603200000) (1024K)]
  0x00000218e8ab2210 ConcurrentGCThread "G1 Service"                [id=18568, stack(0x0000009603200000,0x0000009603300000) (1024K)]
Total: 18

Threads with active compile tasks:
Total: 0

VM state: not at safepoint (normal execution)

VM Mutex/Monitor currently owned by a thread: None

Heap address: 0x0000000602c00000, size: 8148 MB, Compressed Oops mode: Zero based, Oop shift amount: 3

CDS archive(s) mapped at: [0x0000021880000000-0x0000021880d40000-0x0000021880d40000), size 13893632, SharedBaseAddress: 0x0000021880000000, ArchiveRelocationMode: 1.
Compressed class space mapped at: 0x0000021881000000-0x00000218c1000000, reserved size: 1073741824
UseCompressedClassPointers 1, UseCompactObjectHeaders 0
Narrow klass pointer bits 32, Max shift 3
Narrow klass base: 0x0000021880000000, Narrow klass shift: 0
Encoding Range: [0x0000021880000000 - 0x0000021980000000), (4294967296 bytes)
Klass Range:    [0x0000021880000000 - 0x00000218c1000000), (1090519040 bytes)
Klass ID Range:  [8 - 1090519033) (1090519025)

GC Precious Log:
 CardTable entry size: 512
 Card Set container configuration: InlinePtr #cards 4 size 8 Array Of Cards #cards 32 size 80 Howl #buckets 8 coarsen threshold 7372 Howl Bitmap #cards 1024 size 144 coarsen threshold 921 Card regions per heap region 1 cards per card region 8192
 CPUs: 12 total, 12 available
 Memory: 32578M
 Large Page Support: Disabled
 NUMA Support: Disabled
 Compressed Oops: Enabled (Zero based)
 Heap Region Size: 4M
 Heap Min Capacity: 8M
 Heap Initial Capacity: 512M
 Heap Max Capacity: 8148M
 Pre-touch: Disabled
 Parallel Workers: 10
 Concurrent Workers: 3
 Concurrent Refinement Workers: 10
 Periodic GC: Disabled

Heap:
 garbage-first heap   total reserved 8343552K, committed 81920K, used 64085K [0x0000000602c00000, 0x0000000800000000)
  region size 4096K, 8 young (32768K), 1 survivors (4096K)
 Metaspace       used 91623K, committed 92288K, reserved 1179648K
  class space    used 10047K, committed 10304K, reserved 1048576K

Heap Regions: E=young(eden), S=young(survivor), O=old, HS=humongous(starts), HC=humongous(continues), CS=collection set, F=free, TAMS=top-at-mark-start, PB=parsable bottom
|   0|0x0000000602c00000, 0x0000000602c00000, 0x0000000603000000|  0%| F|  |TAMS 0x0000000602c00000| PB 0x0000000602c00000| Untracked |  0
|   1|0x0000000603000000, 0x0000000603400000, 0x0000000603400000|100%| O|  |TAMS 0x0000000603000000| PB 0x0000000603000000| Untracked |  0
|   2|0x0000000603400000, 0x0000000603800000, 0x0000000603800000|100%| O|  |TAMS 0x0000000603400000| PB 0x0000000603400000| Untracked |  0
|   3|0x0000000603800000, 0x0000000603c00000, 0x0000000603c00000|100%| O|  |TAMS 0x0000000603800000| PB 0x0000000603800000| Untracked |  0
|   4|0x0000000603c00000, 0x0000000604000000, 0x0000000604000000|100%| O|  |TAMS 0x0000000603c00000| PB 0x0000000603c00000| Untracked |  0
|   5|0x0000000604000000, 0x0000000604400000, 0x0000000604400000|100%| O|  |TAMS 0x0000000604000000| PB 0x0000000604000000| Untracked |  0
|   6|0x0000000604400000, 0x0000000604800000, 0x0000000604800000|100%| O|  |TAMS 0x0000000604400000| PB 0x0000000604400000| Untracked |  0
|   7|0x0000000604800000, 0x0000000604c00000, 0x0000000604c00000|100%| O|  |TAMS 0x0000000604800000| PB 0x0000000604800000| Untracked |  0
|   8|0x0000000604c00000, 0x0000000605000000, 0x0000000605000000|100%| O|  |TAMS 0x0000000604c00000| PB 0x0000000604c00000| Untracked |  0
|   9|0x0000000605000000, 0x00000006052c63d0, 0x0000000605400000| 69%| O|  |TAMS 0x0000000605000000| PB 0x0000000605000000| Untracked |  0
|  10|0x0000000605400000, 0x0000000605800000, 0x0000000605800000|100%| O|Cm|TAMS 0x0000000605400000| PB 0x0000000605400000| Complete |  0
|  11|0x0000000605800000, 0x0000000605bcf140, 0x0000000605c00000| 95%| S|CS|TAMS 0x0000000605800000| PB 0x0000000605800000| Complete |  0
|  12|0x0000000605c00000, 0x0000000605c00000, 0x0000000606000000|  0%| F|  |TAMS 0x0000000605c00000| PB 0x0000000605c00000| Untracked |  0
|  13|0x0000000606000000, 0x00000006063ec5a0, 0x0000000606400000| 98%| E|  |TAMS 0x0000000606000000| PB 0x0000000606000000| Complete |  0
|  14|0x0000000606400000, 0x0000000606800000, 0x0000000606800000|100%| E|CS|TAMS 0x0000000606400000| PB 0x0000000606400000| Complete |  0
| 117|0x0000000620000000, 0x0000000620400000, 0x0000000620400000|100%| E|CS|TAMS 0x0000000620000000| PB 0x0000000620000000| Complete |  0
| 118|0x0000000620400000, 0x0000000620800000, 0x0000000620800000|100%| E|CS|TAMS 0x0000000620400000| PB 0x0000000620400000| Complete |  0
| 119|0x0000000620800000, 0x0000000620c00000, 0x0000000620c00000|100%| E|  |TAMS 0x0000000620800000| PB 0x0000000620800000| Complete |  0
| 126|0x0000000622400000, 0x0000000622800000, 0x0000000622800000|100%| E|CS|TAMS 0x0000000622400000| PB 0x0000000622400000| Complete |  0
|2036|0x00000007ffc00000, 0x0000000800000000, 0x0000000800000000|100%| E|CS|TAMS 0x00000007ffc00000| PB 0x00000007ffc00000| Complete |  0

Card table byte_map: [0x00000218dfa20000,0x00000218e0a10000] _byte_map_base: 0x00000218dca0a000

Marking Bits: (CMBitMap*) 0x00000218e8a30130
 Bits: [0x00000218e0a10000, 0x00000218e8960000)

Polling page: 0x00000218c62f0000

Metaspace:

Usage:
  Non-class:     79.66 MB used.
      Class:      9.81 MB used.
       Both:     89.48 MB used.

Virtual space:
  Non-class space:      128.00 MB reserved,      80.06 MB ( 63%) committed,  2 nodes.
      Class space:        1.00 GB reserved,      10.06 MB ( <1%) committed,  1 nodes.
             Both:        1.12 GB reserved,      90.12 MB (  8%) committed. 

Chunk freelists:
   Non-Class:  15.42 MB
       Class:  5.77 MB
        Both:  21.19 MB

MaxMetaspaceSize: unlimited
CompressedClassSpaceSize: 1.00 GB
Initial GC threshold: 21.00 MB
Current GC threshold: 142.31 MB
CDS: on
 - commit_granule_bytes: 65536.
 - commit_granule_words: 8192.
 - virtual_space_node_default_size: 8388608.
 - enlarge_chunks_in_place: 1.
UseCompressedClassPointers 1, UseCompactObjectHeaders 0
Narrow klass pointer bits 32, Max shift 3
Narrow klass base: 0x0000021880000000, Narrow klass shift: 0
Encoding Range: [0x0000021880000000 - 0x0000021980000000), (4294967296 bytes)
Klass Range:    [0x0000021880000000 - 0x00000218c1000000), (1090519040 bytes)
Klass ID Range:  [8 - 1090519033) (1090519025)


Internal statistics:

num_allocs_failed_limit: 9.
num_arena_births: 890.
num_arena_deaths: 0.
num_vsnodes_births: 3.
num_vsnodes_deaths: 0.
num_space_committed: 1442.
num_space_uncommitted: 0.
num_chunks_returned_to_freelist: 9.
num_chunks_taken_from_freelist: 3878.
num_chunk_merges: 9.
num_chunk_splits: 2880.
num_chunks_enlarged: 2353.
num_inconsistent_stats: 0.

CodeHeap 'non-profiled nmethods': size=120064Kb used=5100Kb max_used=5100Kb free=114964Kb
 bounds [0x00000218d6e90000, 0x00000218d7390000, 0x00000218de3d0000]
CodeHeap 'profiled nmethods': size=120000Kb used=12931Kb max_used=13364Kb free=107068Kb
 bounds [0x00000218cf3d0000, 0x00000218d00e0000, 0x00000218d6900000]
CodeHeap 'non-nmethods': size=5696Kb used=1696Kb max_used=1855Kb free=3999Kb
 bounds [0x00000218d6900000, 0x00000218d6b70000, 0x00000218d6e90000]
CodeCache: size=245760Kb, used=19727Kb, max_used=20319Kb, free=226031Kb
 total_blobs=9022, nmethods=8239, adapters=687, full_count=0
Compilation: enabled, stopped_count=0, restarted_count=0

Compilation events (20 events):
Event: 12.712 Thread 0x00000218c10403d0 9835       3       com.nimbusds.jose.util.Base64Codec::tpLT (10 bytes)
Event: 12.712 Thread 0x00000218c10403d0 nmethod 9835 0x00000218cfb9d108 code [0x00000218cfb9d220, 0x00000218cfb9d320]
Event: 12.712 Thread 0x00000218c10403d0 9834       3       com.nimbusds.jose.util.Base64Codec::tpGT (10 bytes)
Event: 12.712 Thread 0x00000218c10403d0 nmethod 9834 0x00000218cfb9ce08 code [0x00000218cfb9cf20, 0x00000218cfb9d020]
Event: 12.717 Thread 0x00000218c10403d0 9836       3       com.nimbusds.jose.util.Base64Codec::decodeDigit (200 bytes)
Event: 12.717 Thread 0x00000218c1037830 9837       4       com.nimbusds.jose.util.Base64Codec::tpSelect (12 bytes)
Event: 12.717 Thread 0x00000218c1037830 nmethod 9837 0x00000218d738a008 code [0x00000218d738a100, 0x00000218d738a170]
Event: 12.717 Thread 0x00000218c10403d0 nmethod 9836 0x00000218cfb9c408 code [0x00000218cfb9c5c0, 0x00000218cfb9cc28]
Event: 12.759 Thread 0x00000218c1037830 9838       4       com.nimbusds.jose.util.Base64Codec::tpEq (17 bytes)
Event: 12.760 Thread 0x00000218c1037830 nmethod 9838 0x00000218d738a308 code [0x00000218d738a400, 0x00000218d738a478]
Event: 12.788 Thread 0x00000218c1037830 9839       4       java.util.Collections$UnmodifiableMap::get (11 bytes)
Event: 12.788 Thread 0x00000218c10403d0 9840       3       org.springframework.core.annotation.AnnotationTypeMapping::addConventionAnnotationValues (113 bytes)
Event: 12.788 Thread 0x00000218c10403d0 nmethod 9840 0x00000218cfc78908 code [0x00000218cfc78aa0, 0x00000218cfc79518]
Event: 12.788 Thread 0x00000218c1037830 nmethod 9839 0x00000218d738a608 code [0x00000218d738a700, 0x00000218d738a7b0]
Event: 12.788 Thread 0x00000218c10403d0 9841       3       org.springframework.core.annotation.AnnotationTypeMapping::processAliases (199 bytes)
Event: 12.789 Thread 0x00000218c10403d0 nmethod 9841 0x00000218cfc77788 code [0x00000218cfc779a0, 0x00000218cfc788a0]
Event: 12.793 Thread 0x00000218c1037830 9842       4       java.util.ArrayList::contains (14 bytes)
Event: 12.796 Thread 0x00000218c1037830 nmethod 9842 0x00000218d738a908 code [0x00000218d738aa20, 0x00000218d738ac90]
Event: 12.796 Thread 0x00000218c10403d0 9843       1       org.springframework.core.annotation.AnnotationTypeMapping$MirrorSets$MirrorSet::size (5 bytes)
Event: 12.797 Thread 0x00000218c10403d0 nmethod 9843 0x00000218d738ad08 code [0x00000218d738ae00, 0x00000218d738aec8]

GC Heap History (20 events):
Event: 6.252 GC heap before
{Heap before GC invocations=14 (full 0):
 garbage-first heap   total reserved 8343552K, committed 81920K, used 65319K [0x0000000602c00000, 0x0000000800000000)
  region size 4096K, 10 young (40960K), 2 survivors (8192K)
 Metaspace       used 76952K, committed 77504K, reserved 1179648K
  class space    used 7919K, committed 8128K, reserved 1048576K
}
Event: 6.255 GC heap after
{Heap after GC invocations=15 (full 0):
 garbage-first heap   total reserved 8343552K, committed 81920K, used 34143K [0x0000000602c00000, 0x0000000800000000)
  region size 4096K, 2 young (8192K), 2 survivors (8192K)
 Metaspace       used 76952K, committed 77504K, reserved 1179648K
  class space    used 7919K, committed 8128K, reserved 1048576K
}
Event: 6.475 GC heap before
{Heap before GC invocations=15 (full 0):
 garbage-first heap   total reserved 8343552K, committed 81920K, used 62815K [0x0000000602c00000, 0x0000000800000000)
  region size 4096K, 9 young (36864K), 2 survivors (8192K)
 Metaspace       used 79101K, committed 79680K, reserved 1179648K
  class space    used 8339K, committed 8576K, reserved 1048576K
}
Event: 6.478 GC heap after
{Heap after GC invocations=16 (full 0):
 garbage-first heap   total reserved 8343552K, committed 81920K, used 37307K [0x0000000602c00000, 0x0000000800000000)
  region size 4096K, 2 young (8192K), 2 survivors (8192K)
 Metaspace       used 79101K, committed 79680K, reserved 1179648K
  class space    used 8339K, committed 8576K, reserved 1048576K
}
Event: 6.599 GC heap before
{Heap before GC invocations=17 (full 0):
 garbage-first heap   total reserved 8343552K, committed 81920K, used 65979K [0x0000000602c00000, 0x0000000800000000)
  region size 4096K, 9 young (36864K), 2 survivors (8192K)
 Metaspace       used 79108K, committed 79680K, reserved 1179648K
  class space    used 8339K, committed 8576K, reserved 1048576K
}
Event: 6.602 GC heap after
{Heap after GC invocations=18 (full 0):
 garbage-first heap   total reserved 8343552K, committed 81920K, used 39861K [0x0000000602c00000, 0x0000000800000000)
  region size 4096K, 2 young (8192K), 2 survivors (8192K)
 Metaspace       used 79108K, committed 79680K, reserved 1179648K
  class space    used 8339K, committed 8576K, reserved 1048576K
}
Event: 6.758 GC heap before
{Heap before GC invocations=18 (full 0):
 garbage-first heap   total reserved 8343552K, committed 81920K, used 60341K [0x0000000602c00000, 0x0000000800000000)
  region size 4096K, 8 young (32768K), 2 survivors (8192K)
 Metaspace       used 80545K, committed 81024K, reserved 1179648K
  class space    used 8716K, committed 8896K, reserved 1048576K
}
Event: 6.761 GC heap after
{Heap after GC invocations=19 (full 0):
 garbage-first heap   total reserved 8343552K, committed 81920K, used 39500K [0x0000000602c00000, 0x0000000800000000)
  region size 4096K, 1 young (4096K), 1 survivors (4096K)
 Metaspace       used 80545K, committed 81024K, reserved 1179648K
  class space    used 8716K, committed 8896K, reserved 1048576K
}
Event: 6.792 GC heap before
{Heap before GC invocations=19 (full 0):
 garbage-first heap   total reserved 8343552K, committed 81920K, used 68172K [0x0000000602c00000, 0x0000000800000000)
  region size 4096K, 8 young (32768K), 1 survivors (4096K)
 Metaspace       used 80552K, committed 81024K, reserved 1179648K
  class space    used 8716K, committed 8896K, reserved 1048576K
}
Event: 6.795 GC heap after
{Heap after GC invocations=20 (full 0):
 garbage-first heap   total reserved 8343552K, committed 81920K, used 43831K [0x0000000602c00000, 0x0000000800000000)
  region size 4096K, 1 young (4096K), 1 survivors (4096K)
 Metaspace       used 80552K, committed 81024K, reserved 1179648K
  class space    used 8716K, committed 8896K, reserved 1048576K
}
Event: 6.831 GC heap before
{Heap before GC invocations=21 (full 0):
 garbage-first heap   total reserved 8343552K, committed 81920K, used 68407K [0x0000000602c00000, 0x0000000800000000)
  region size 4096K, 7 young (28672K), 1 survivors (4096K)
 Metaspace       used 80557K, committed 81024K, reserved 1179648K
  class space    used 8716K, committed 8896K, reserved 1048576K
}
Event: 6.832 GC heap after
{Heap after GC invocations=22 (full 0):
 garbage-first heap   total reserved 8343552K, committed 81920K, used 43022K [0x0000000602c00000, 0x0000000800000000)
  region size 4096K, 1 young (4096K), 1 survivors (4096K)
 Metaspace       used 80557K, committed 81024K, reserved 1179648K
  class space    used 8716K, committed 8896K, reserved 1048576K
}
Event: 6.900 GC heap before
{Heap before GC invocations=22 (full 0):
 garbage-first heap   total reserved 8343552K, committed 81920K, used 67598K [0x0000000602c00000, 0x0000000800000000)
  region size 4096K, 7 young (28672K), 1 survivors (4096K)
 Metaspace       used 81521K, committed 82048K, reserved 1179648K
  class space    used 8857K, committed 9088K, reserved 1048576K
}
Event: 6.901 GC heap after
{Heap after GC invocations=23 (full 0):
 garbage-first heap   total reserved 8343552K, committed 81920K, used 42642K [0x0000000602c00000, 0x0000000800000000)
  region size 4096K, 1 young (4096K), 1 survivors (4096K)
 Metaspace       used 81521K, committed 82048K, reserved 1179648K
  class space    used 8857K, committed 9088K, reserved 1048576K
}
Event: 7.992 GC heap before
{Heap before GC invocations=24 (full 0):
 garbage-first heap   total reserved 8343552K, committed 81920K, used 67218K [0x0000000602c00000, 0x0000000800000000)
  region size 4096K, 7 young (28672K), 1 survivors (4096K)
 Metaspace       used 83337K, committed 83968K, reserved 1179648K
  class space    used 9047K, committed 9280K, reserved 1048576K
}
Event: 7.993 GC heap after
{Heap after GC invocations=25 (full 0):
 garbage-first heap   total reserved 8343552K, committed 81920K, used 43740K [0x0000000602c00000, 0x0000000800000000)
  region size 4096K, 1 young (4096K), 1 survivors (4096K)
 Metaspace       used 83337K, committed 83968K, reserved 1179648K
  class space    used 9047K, committed 9280K, reserved 1048576K
}
Event: 8.468 GC heap before
{Heap before GC invocations=25 (full 0):
 garbage-first heap   total reserved 8343552K, committed 81920K, used 68316K [0x0000000602c00000, 0x0000000800000000)
  region size 4096K, 7 young (28672K), 1 survivors (4096K)
 Metaspace       used 85099K, committed 85696K, reserved 1179648K
  class space    used 9263K, committed 9536K, reserved 1048576K
}
Event: 8.470 GC heap after
{Heap after GC invocations=26 (full 0):
 garbage-first heap   total reserved 8343552K, committed 81920K, used 41695K [0x0000000602c00000, 0x0000000800000000)
  region size 4096K, 1 young (4096K), 1 survivors (4096K)
 Metaspace       used 85099K, committed 85696K, reserved 1179648K
  class space    used 9263K, committed 9536K, reserved 1048576K
}
Event: 8.923 GC heap before
{Heap before GC invocations=26 (full 0):
 garbage-first heap   total reserved 8343552K, committed 81920K, used 70367K [0x0000000602c00000, 0x0000000800000000)
  region size 4096K, 8 young (32768K), 1 survivors (4096K)
 Metaspace       used 86725K, committed 87360K, reserved 1179648K
  class space    used 9450K, committed 9728K, reserved 1048576K
}
Event: 8.926 GC heap after
{Heap after GC invocations=27 (full 0):
 garbage-first heap   total reserved 8343552K, committed 81920K, used 43605K [0x0000000602c00000, 0x0000000800000000)
  region size 4096K, 1 young (4096K), 1 survivors (4096K)
 Metaspace       used 86725K, committed 87360K, reserved 1179648K
  class space    used 9450K, committed 9728K, reserved 1048576K
}

Dll operation events (13 events):
Event: 0.010 Loaded shared library C:\Program Files\Java\jdk-24\bin\java.dll
Event: 0.011 Loaded shared library C:\Program Files\Java\jdk-24\bin\zip.dll
Event: 0.035 Loaded shared library C:\Program Files\Java\jdk-24\bin\jsvml.dll
Event: 0.177 Loaded shared library C:\Program Files\Java\jdk-24\bin\instrument.dll
Event: 0.222 Loaded shared library C:\Program Files\Java\jdk-24\bin\net.dll
Event: 0.223 Loaded shared library C:\Program Files\Java\jdk-24\bin\nio.dll
Event: 0.229 Loaded shared library C:\Program Files\Java\jdk-24\bin\zip.dll
Event: 0.311 Loaded shared library C:\Program Files\Java\jdk-24\bin\jimage.dll
Event: 1.510 Loaded shared library C:\Program Files\Java\jdk-24\bin\sunmscapi.dll
Event: 3.007 Loaded shared library C:\Program Files\Java\jdk-24\bin\management.dll
Event: 3.009 Loaded shared library C:\Program Files\Java\jdk-24\bin\management_ext.dll
Event: 3.533 Loaded shared library C:\Program Files\Java\jdk-24\bin\verify.dll
Event: 3.803 Loaded shared library C:\Program Files\Java\jdk-24\bin\extnet.dll

Deoptimization events (20 events):
Event: 12.601 Thread 0x00000218f6138fa0 DEOPT PACKING pc=0x00000218d7001a7c sp=0x00000096057fd160
Event: 12.601 Thread 0x00000218f6138fa0 DEOPT UNPACKING pc=0x00000218d6a28502 sp=0x00000096057fd0f8 mode 2
Event: 12.601 Thread 0x00000218f6138fa0 Uncommon trap: trap_request=0xffffffc6 fr.pc=0x00000218d7161784 relative=0x00000000000003a4
Event: 12.601 Thread 0x00000218f6138fa0 Uncommon trap: reason=bimorphic_or_optimized_type_check action=maybe_recompile pc=0x00000218d7161784 method=java.util.regex.Pattern$SliceI.match(Ljava/util/regex/Matcher;ILjava/lang/CharSequence;)Z @ 92 c2
Event: 12.601 Thread 0x00000218f6138fa0 DEOPT PACKING pc=0x00000218d7161784 sp=0x00000096057fd220
Event: 12.601 Thread 0x00000218f6138fa0 DEOPT UNPACKING pc=0x00000218d6a28502 sp=0x00000096057fd1b8 mode 2
Event: 20.053 Thread 0x00000218f6138fa0 DEOPT PACKING pc=0x00000218cf88f354 sp=0x00000096057fc0c0
Event: 20.053 Thread 0x00000218f6138fa0 DEOPT UNPACKING pc=0x00000218d6955722 sp=0x00000096057fb568 mode 0
Event: 20.272 Thread 0x00000218f6138fa0 Uncommon trap: trap_request=0xffffff4d fr.pc=0x00000218d6f8f7a4 relative=0x0000000000000544
Event: 20.272 Thread 0x00000218f6138fa0 Uncommon trap: reason=unstable_if action=reinterpret pc=0x00000218d6f8f7a4 method=java.util.jar.Manifest$FastInputStream.readLine([BII)I @ 106 c2
Event: 20.272 Thread 0x00000218f6138fa0 DEOPT PACKING pc=0x00000218d6f8f7a4 sp=0x00000096057fa5a0
Event: 20.272 Thread 0x00000218f6138fa0 DEOPT UNPACKING pc=0x00000218d6a28502 sp=0x00000096057fa540 mode 2
Event: 20.273 Thread 0x00000218f6138fa0 Uncommon trap: trap_request=0xffffffde fr.pc=0x00000218d714fb6c relative=0x0000000000004ccc
Event: 20.273 Thread 0x00000218f6138fa0 Uncommon trap: reason=class_check action=maybe_recompile pc=0x00000218d714fb6c method=java.util.jar.JarFile.getManifestFromReference()Ljava/util/jar/Manifest; @ 152 c2
Event: 20.273 Thread 0x00000218f6138fa0 DEOPT PACKING pc=0x00000218d714fb6c sp=0x00000096057fa960
Event: 20.273 Thread 0x00000218f6138fa0 DEOPT UNPACKING pc=0x00000218d6a28502 sp=0x00000096057fa860 mode 2
Event: 23.452 Thread 0x00000218f42041d0 Uncommon trap: trap_request=0xffffff4d fr.pc=0x00000218d6f582c4 relative=0x00000000000000a4
Event: 23.452 Thread 0x00000218f42041d0 Uncommon trap: reason=unstable_if action=reinterpret pc=0x00000218d6f582c4 method=java.lang.StringLatin1.indexOf([B[B)I @ 9 c2
Event: 23.452 Thread 0x00000218f42041d0 DEOPT PACKING pc=0x00000218d6f582c4 sp=0x00000096052fed80
Event: 23.452 Thread 0x00000218f42041d0 DEOPT UNPACKING pc=0x00000218d6a28502 sp=0x00000096052fed30 mode 2

Classes loaded (20 events):
Event: 12.795 Loading class org/springframework/web/servlet/mvc/method/annotation/ServletInvocableHandlerMethod$ConcurrentResultHandlerMethod
Event: 12.795 Loading class org/springframework/web/servlet/mvc/method/annotation/ServletInvocableHandlerMethod$ConcurrentResultHandlerMethod done
Event: 12.797 Loading class org/springframework/validation/support/BindingAwareModelMap
Event: 12.797 Loading class org/springframework/validation/support/BindingAwareModelMap done
Event: 12.797 Loading class org/springframework/ui/ExtendedModelMap
Event: 12.797 Loading class org/springframework/ui/ExtendedModelMap done
Event: 12.797 Loading class org/springframework/web/bind/support/SessionStatus
Event: 12.797 Loading class org/springframework/web/bind/support/SessionStatus done
Event: 12.801 Loading class org/springframework/web/bind/support/SimpleSessionStatus
Event: 12.801 Loading class org/springframework/web/bind/support/SimpleSessionStatus done
Event: 12.801 Loading class org/springframework/web/servlet/support/RequestContextUtils
Event: 12.801 Loading class org/springframework/web/servlet/support/RequestContextUtils done
Event: 12.802 Loading class org/springframework/ui/ModelMap
Event: 12.802 Loading class org/springframework/ui/ModelMap done
Event: 20.272 Loading class com/intellij/rt/debugger/BatchEvaluatorServer
Event: 20.272 Loading class com/intellij/rt/debugger/BatchEvaluatorServer done
Event: 20.430 Loading class java/io/DataOutputStream
Event: 20.431 Loading class java/io/DataOutputStream done
Event: 23.453 Loading class org/apache/catalina/webresources/CachedResource
Event: 23.453 Loading class org/apache/catalina/webresources/CachedResource done

Classes unloaded (0 events):
No events

Classes redefined (1 events):
Event: 0.200 Thread 0x00000218c100b770 redefined class name=java.lang.Throwable, count=1

Internal exceptions (20 events):
Event: 8.042 Thread 0x00000218c6b3b5d0 Exception <a 'java/io/IOException'{0x00000007ffd7b590}> (0x00000007ffd7b590) 
thrown [s\open\src\hotspot\share\prims\jni.cpp, line 518]
Event: 8.292 Thread 0x00000218c6b3b5d0 Exception <a 'java/lang/IncompatibleClassChangeError'{0x00000006207d69d0}: Found class java.lang.Object, but interface was expected> (0x00000006207d69d0) 
thrown [s\open\src\hotspot\share\interpreter\linkResolver.cpp, line 872]
Event: 8.567 Thread 0x00000218c6b3b5d0 Exception <a 'java/lang/NoSuchMethodError'{0x00000007fffa8730}: 'java.lang.Object java.lang.invoke.DirectMethodHandle$Holder.invokeInterface(java.lang.Object, java.lang.Object, java.lang.Object, java.lang.Object)'> (0x00000007fffa8730) 
thrown [s\open\src\hotspot\share\interpreter\linkResolver.cpp, line 805]
Event: 8.691 Thread 0x00000218c6b3b5d0 Exception <a 'java/lang/NoSuchMethodError'{0x0000000622706338}: 'void java.lang.invoke.DirectMethodHandle$Holder.invokeVirtual(java.lang.Object, java.lang.Object, long)'> (0x0000000622706338) 
thrown [s\open\src\hotspot\share\interpreter\linkResolver.cpp, line 805]
Event: 8.754 Thread 0x00000218c6b3b5d0 Exception <a 'java/lang/NoSuchMethodError'{0x0000000620a50bd0}: 'int java.lang.invoke.DirectMethodHandle$Holder.invokeStaticInit(java.lang.Object, java.lang.Object, java.lang.Object, java.lang.Object)'> (0x0000000620a50bd0) 
thrown [s\open\src\hotspot\share\interpreter\linkResolver.cpp, line 805]
Event: 8.812 Thread 0x00000218c6b3b5d0 Exception <a 'java/lang/IncompatibleClassChangeError'{0x00000006205a7358}: Found class java.lang.Object, but interface was expected> (0x00000006205a7358) 
thrown [s\open\src\hotspot\share\interpreter\linkResolver.cpp, line 872]
Event: 8.829 Thread 0x00000218c6b3b5d0 Implicit null exception at 0x00000218d73490bb to 0x00000218d734a064
Event: 8.838 Thread 0x00000218c6b3b5d0 Implicit null exception at 0x00000218d7350507 to 0x00000218d735148c
Event: 8.994 Thread 0x00000218c6b3b5d0 Exception <a 'java/lang/NoSuchMethodError'{0x00000007ffffa690}: 'java.lang.Object java.lang.invoke.DirectMethodHandle$Holder.newInvokeSpecial(java.lang.Object, java.lang.Object, int, java.lang.Object, java.lang.Object)'> (0x00000007ffffa690) 
thrown [s\open\src\hotspot\share\interpreter\linkResolver.cpp, line 805]
Event: 9.124 Thread 0x00000218c6b3b5d0 Exception <a 'java/lang/IncompatibleClassChangeError'{0x0000000620b56810}: Found class java.lang.Object, but interface was expected> (0x0000000620b56810) 
thrown [s\open\src\hotspot\share\interpreter\linkResolver.cpp, line 872]
Event: 9.167 Thread 0x00000218c6b3b5d0 Exception <a 'java/lang/NoSuchMethodError'{0x00000006205b0bc0}: 'void java.lang.invoke.DirectMethodHandle$Holder.invokeSpecialIFC(java.lang.Object, java.lang.Object, int, java.lang.Object, java.lang.Object, java.lang.Object, java.lang.Object)'> (0x00000006205b0bc0) 
thrown [s\open\src\hotspot\share\interpreter\linkResolver.cpp, line 805]
Event: 9.235 Thread 0x00000218c6b3b5d0 Implicit null exception at 0x00000218d703a57c to 0x00000218d703aad0
Event: 9.254 Thread 0x00000218c6b3b5d0 Exception <a 'java/lang/NoSuchMethodError'{0x000000062077a138}: 'void java.lang.invoke.DirectMethodHandle$Holder.invokeVirtual(java.lang.Object, java.lang.Object, java.lang.Object, java.lang.Object, java.lang.Object)'> (0x000000062077a138) 
thrown [s\open\src\hotspot\share\interpreter\linkResolver.cpp, line 805]
Event: 12.439 Thread 0x00000218f613bb80 Exception <a 'java/lang/NoSuchMethodError'{0x00000006227cb648}: 'java.lang.Object java.lang.invoke.DirectMethodHandle$Holder.invokeStatic(java.lang.Object, java.lang.Object, java.lang.Object, int, int)'> (0x00000006227cb648) 
thrown [s\open\src\hotspot\share\interpreter\linkResolver.cpp, line 805]
Event: 12.440 Thread 0x00000218f613bb80 Exception <a 'java/lang/NoSuchMethodError'{0x00000006227d3680}: 'java.lang.Object java.lang.invoke.DirectMethodHandle$Holder.invokeStaticInit(java.lang.Object, java.lang.Object, java.lang.Object, int, int)'> (0x00000006227d3680) 
thrown [s\open\src\hotspot\share\interpreter\linkResolver.cpp, line 805]
Event: 12.489 Thread 0x00000218f6138850 Exception <a 'java/lang/NoSuchMethodError'{0x00000006203c4d28}: 'java.lang.Object java.lang.invoke.DirectMethodHandle$Holder.invokeSpecial(java.lang.Object, java.lang.Object, java.lang.Object, java.lang.Object, java.lang.Object, long)'> (0x00000006203c4d28) 
thrown [s\open\src\hotspot\share\interpreter\linkResolver.cpp, line 805]
Event: 12.490 Thread 0x00000218f6138850 Exception <a 'java/lang/NoSuchMethodError'{0x00000006203cd690}: 'java.lang.Object java.lang.invoke.DirectMethodHandle$Holder.invokeSpecial(java.lang.Object, java.lang.Object, java.lang.Object, java.lang.Object, java.lang.Object, java.lang.Object, long)'> (0x00000006203cd690) 
thrown [s\open\src\hotspot\share\interpreter\linkResolver.cpp, line 805]
Event: 12.490 Thread 0x00000218f6138850 Exception <a 'java/lang/NoSuchMethodError'{0x00000006203d5a18}: 'java.lang.Object java.lang.invoke.DelegatingMethodHandle$Holder.reinvoke_L(java.lang.Object, java.lang.Object, java.lang.Object, java.lang.Object, java.lang.Object, long)'> (0x00000006203d5a18) 
thrown [s\open\src\hotspot\share\interpreter\linkResolver.cpp, line 805]
Event: 12.491 Thread 0x00000218f6138850 Exception <a 'java/lang/NoSuchMethodError'{0x00000006203e5d38}: 'java.lang.Object java.lang.invoke.Invokers$Holder.linkToTargetMethod(java.lang.Object, java.lang.Object, java.lang.Object, long, java.lang.Object)'> (0x00000006203e5d38) 
thrown [s\open\src\hotspot\share\interpreter\linkResolver.cpp, line 805]
Event: 12.563 Thread 0x00000218f6138fa0 Exception <a 'java/lang/NoSuchMethodError'{0x00000006065ab7e0}: 'java.lang.Object java.lang.invoke.DirectMethodHandle$Holder.invokeStatic(java.lang.Object, int, int)'> (0x00000006065ab7e0) 
thrown [s\open\src\hotspot\share\interpreter\linkResolver.cpp, line 805]

VM Operations (20 events):
Event: 12.507 Executing VM operation: HandshakeAllThreads (Deoptimize)
Event: 12.507 Executing VM operation: HandshakeAllThreads (Deoptimize) done
Event: 12.517 Executing VM operation: HandshakeAllThreads (Deoptimize)
Event: 12.517 Executing VM operation: HandshakeAllThreads (Deoptimize) done
Event: 12.800 Executing VM operation: HandshakeAllThreads (Deoptimize)
Event: 12.800 Executing VM operation: HandshakeAllThreads (Deoptimize) done
Event: 12.893 Executing VM operation: get/set locals
Event: 12.893 Executing VM operation: get/set locals done
Event: 20.053 Executing VM operation: ChangeSingleStep
Event: 20.053 Executing VM operation: ChangeSingleStep done
Event: 20.053 Executing VM operation: ChangeSingleStep
Event: 20.053 Executing VM operation: ChangeSingleStep done
Event: 20.240 Executing VM operation: get/set locals
Event: 20.240 Executing VM operation: get/set locals done
Event: 20.241 Executing VM operation: get/set locals
Event: 20.241 Executing VM operation: get/set locals done
Event: 20.243 Executing VM operation: get/set locals
Event: 20.243 Executing VM operation: get/set locals done
Event: 23.449 Executing VM operation: ChangeSingleStep
Event: 23.449 Executing VM operation: ChangeSingleStep done

Memory protections (0 events):
No events

Nmethod flushes (20 events):
Event: 8.947 Thread 0x00000218c100b770 flushing  nmethod 0x00000218d7118e08
Event: 8.947 Thread 0x00000218c100b770 flushing  nmethod 0x00000218cfb17988
Event: 8.947 Thread 0x00000218c100b770 flushing  nmethod 0x00000218cfa0fd88
Event: 8.947 Thread 0x00000218c100b770 flushing  nmethod 0x00000218cfa10408
Event: 8.947 Thread 0x00000218c100b770 flushing  nmethod 0x00000218d7303a88
Event: 8.947 Thread 0x00000218c100b770 flushing  nmethod 0x00000218cf538788
Event: 8.947 Thread 0x00000218c100b770 flushing  nmethod 0x00000218cf53e208
Event: 8.947 Thread 0x00000218c100b770 flushing  nmethod 0x00000218d00a4d08
Event: 8.947 Thread 0x00000218c100b770 flushing  nmethod 0x00000218cf418e88
Event: 8.947 Thread 0x00000218c100b770 flushing  nmethod 0x00000218cf947188
Event: 8.947 Thread 0x00000218c100b770 flushing  nmethod 0x00000218cfaf1b88
Event: 8.947 Thread 0x00000218c100b770 flushing  nmethod 0x00000218d00c8788
Event: 8.947 Thread 0x00000218c100b770 flushing  nmethod 0x00000218d00ccd88
Event: 8.947 Thread 0x00000218c100b770 flushing  nmethod 0x00000218d00cf408
Event: 8.947 Thread 0x00000218c100b770 flushing  nmethod 0x00000218d00cfe08
Event: 8.947 Thread 0x00000218c100b770 flushing  nmethod 0x00000218cfa10c88
Event: 8.947 Thread 0x00000218c100b770 flushing  nmethod 0x00000218d00d4508
Event: 8.947 Thread 0x00000218c100b770 flushing  nmethod 0x00000218d70e9a88
Event: 8.947 Thread 0x00000218c100b770 flushing  nmethod 0x00000218cf562a08
Event: 8.947 Thread 0x00000218c100b770 flushing  nmethod 0x00000218d00c6808

Events (20 events):
Event: 7.715 Thread 0x00000218c10403d0 Thread added: 0x00000218f6ea6ca0
Event: 8.774 Thread 0x00000218f6ea6ca0 Thread exited: 0x00000218f6ea6ca0
Event: 8.847 Thread 0x00000218c10403d0 Thread added: 0x00000218f389a580
Event: 9.010 Thread 0x00000218c6b3b5d0 Thread added: 0x00000218f6138850
Event: 9.010 Thread 0x00000218c6b3b5d0 Thread added: 0x00000218f6138fa0
Event: 9.010 Thread 0x00000218c6b3b5d0 Thread added: 0x00000218f6135c70
Event: 9.010 Thread 0x00000218c6b3b5d0 Thread added: 0x00000218f61396f0
Event: 9.011 Thread 0x00000218c6b3b5d0 Thread added: 0x00000218f61363c0
Event: 9.011 Thread 0x00000218c6b3b5d0 Thread added: 0x00000218f6139e40
Event: 9.011 Thread 0x00000218c6b3b5d0 Thread added: 0x00000218f6136b10
Event: 9.011 Thread 0x00000218c6b3b5d0 Thread added: 0x00000218f613a590
Event: 9.011 Thread 0x00000218c6b3b5d0 Thread added: 0x00000218f6137260
Event: 9.011 Thread 0x00000218c6b3b5d0 Thread added: 0x00000218f613ace0
Event: 9.028 Thread 0x00000218c6b3b5d0 Thread added: 0x00000218f613b430
Event: 9.031 Thread 0x00000218c6b3b5d0 Thread added: 0x00000218f613bb80
Event: 9.226 Thread 0x00000218f389a580 Thread exited: 0x00000218f389a580
Event: 9.226 Thread 0x00000218f6ea55f0 Thread exited: 0x00000218f6ea55f0
Event: 9.351 Thread 0x00000218c6b3b5d0 Thread exited: 0x00000218c6b3b5d0
Event: 9.351 Thread 0x00000218c316d060 Thread added: 0x00000218c316d060
Event: 9.618 Thread 0x00000218f3f45fe0 Thread exited: 0x00000218f3f45fe0


Dynamic libraries:
0x00007ff74c7f0000 - 0x00007ff74c800000 	C:\Program Files\Java\jdk-24\bin\java.exe
0x00007ffce8be0000 - 0x00007ffce8e40000 	C:\WINDOWS\SYSTEM32\ntdll.dll
0x00007ffce79d0000 - 0x00007ffce7a97000 	C:\WINDOWS\System32\KERNEL32.DLL
0x00007ffce6490000 - 0x00007ffce685a000 	C:\WINDOWS\System32\KERNELBASE.dll
0x00007ffce6130000 - 0x00007ffce627b000 	C:\WINDOWS\System32\ucrtbase.dll
0x00007ffcd1d60000 - 0x00007ffcd1d7b000 	C:\Program Files\Java\jdk-24\bin\VCRUNTIME140.dll
0x00007ffcd2e30000 - 0x00007ffcd2e46000 	C:\Program Files\Java\jdk-24\bin\jli.dll
0x00007ffce7aa0000 - 0x00007ffce7c6c000 	C:\WINDOWS\System32\USER32.dll
0x00007ffcce430000 - 0x00007ffcce6c7000 	C:\WINDOWS\WinSxS\amd64_microsoft.windows.common-controls_6595b64144ccf1df_6.0.26100.3624_none_3e086962e3345f24\COMCTL32.dll
0x00007ffce6320000 - 0x00007ffce6347000 	C:\WINDOWS\System32\win32u.dll
0x00007ffce69e0000 - 0x00007ffce6a89000 	C:\WINDOWS\System32\msvcrt.dll
0x00007ffce7410000 - 0x00007ffce743a000 	C:\WINDOWS\System32\GDI32.dll
0x00007ffce6350000 - 0x00007ffce6481000 	C:\WINDOWS\System32\gdi32full.dll
0x00007ffce5f30000 - 0x00007ffce5fd3000 	C:\WINDOWS\System32\msvcp_win.dll
0x00007ffce6ca0000 - 0x00007ffce6ccf000 	C:\WINDOWS\System32\IMM32.DLL
0x00007ffce2d80000 - 0x00007ffce2d8c000 	C:\Program Files\Java\jdk-24\bin\vcruntime140_1.dll
0x00007ffccc070000 - 0x00007ffccc0fe000 	C:\Program Files\Java\jdk-24\bin\msvcp140.dll
0x00007ffc8c630000 - 0x00007ffc8d3d2000 	C:\Program Files\Java\jdk-24\bin\server\jvm.dll
0x00007ffce7570000 - 0x00007ffce7622000 	C:\WINDOWS\System32\ADVAPI32.dll
0x00007ffce84a0000 - 0x00007ffce8546000 	C:\WINDOWS\System32\sechost.dll
0x00007ffce6b80000 - 0x00007ffce6c96000 	C:\WINDOWS\System32\RPCRT4.dll
0x00007ffce7440000 - 0x00007ffce74b4000 	C:\WINDOWS\System32\WS2_32.dll
0x00007ffce54f0000 - 0x00007ffce554e000 	C:\WINDOWS\SYSTEM32\POWRPROF.dll
0x00007ffcd6af0000 - 0x00007ffcd6b26000 	C:\WINDOWS\SYSTEM32\WINMM.dll
0x00007ffcdf200000 - 0x00007ffcdf20b000 	C:\WINDOWS\SYSTEM32\VERSION.dll
0x00007ffce54d0000 - 0x00007ffce54e4000 	C:\WINDOWS\SYSTEM32\UMPDC.dll
0x00007ffce4b90000 - 0x00007ffce4baa000 	C:\WINDOWS\SYSTEM32\kernel.appcore.dll
0x00007ffcd23d0000 - 0x00007ffcd23da000 	C:\Program Files\Java\jdk-24\bin\jimage.dll
0x00007ffcd6850000 - 0x00007ffcd6a91000 	C:\WINDOWS\SYSTEM32\DBGHELP.DLL
0x00007ffce87f0000 - 0x00007ffce8b72000 	C:\WINDOWS\System32\combase.dll
0x00007ffce78c0000 - 0x00007ffce7996000 	C:\WINDOWS\System32\OLEAUT32.dll
0x00007ffcb9630000 - 0x00007ffcb9669000 	C:\WINDOWS\SYSTEM32\dbgcore.DLL
0x00007ffce6280000 - 0x00007ffce6319000 	C:\WINDOWS\System32\bcryptPrimitives.dll
0x00007ffccfde0000 - 0x00007ffccfe1c000 	C:\Program Files\Java\jdk-24\bin\jdwp.dll
0x00007ffcd12b0000 - 0x00007ffcd12bf000 	C:\Program Files\Java\jdk-24\bin\instrument.dll
0x00007ffcd12f0000 - 0x00007ffcd130e000 	C:\Program Files\Java\jdk-24\bin\java.dll
0x00007ffce7630000 - 0x00007ffce77c6000 	C:\WINDOWS\System32\ole32.dll
0x00007ffce7d70000 - 0x00007ffce8499000 	C:\WINDOWS\System32\SHELL32.dll
0x00007ffce5dc0000 - 0x00007ffce5f28000 	C:\WINDOWS\System32\wintypes.dll
0x00007ffccfc10000 - 0x00007ffccfc27000 	C:\Program Files\Java\jdk-24\bin\zip.dll
0x00007ffce3a40000 - 0x00007ffce4292000 	C:\WINDOWS\SYSTEM32\windows.storage.dll
0x00007ffce77d0000 - 0x00007ffce78bd000 	C:\WINDOWS\System32\SHCORE.dll
0x00007ffce6b10000 - 0x00007ffce6b74000 	C:\WINDOWS\System32\shlwapi.dll
0x00007ffce5cd0000 - 0x00007ffce5cff000 	C:\WINDOWS\SYSTEM32\profapi.dll
0x00007ffc9fac0000 - 0x00007ffc9fb97000 	C:\Program Files\Java\jdk-24\bin\jsvml.dll
0x00007ffccfbf0000 - 0x00007ffccfbfc000 	C:\Program Files\Java\jdk-24\bin\dt_socket.dll
0x00007ffce45a0000 - 0x00007ffce45d3000 	C:\WINDOWS\SYSTEM32\IPHLPAPI.DLL
0x00007ffce5090000 - 0x00007ffce50fa000 	C:\WINDOWS\system32\mswsock.dll
0x00007ffccfc00000 - 0x00007ffccfc10000 	C:\Program Files\Java\jdk-24\bin\net.dll
0x00007ffcce9e0000 - 0x00007ffcce9f6000 	C:\Program Files\Java\jdk-24\bin\nio.dll
0x00007ffccfa50000 - 0x00007ffccfa5e000 	C:\Program Files\Java\jdk-24\bin\sunmscapi.dll
0x00007ffce6860000 - 0x00007ffce69d7000 	C:\WINDOWS\System32\CRYPT32.dll
0x00007ffce56b0000 - 0x00007ffce56e0000 	C:\WINDOWS\SYSTEM32\ncrypt.dll
0x00007ffce5660000 - 0x00007ffce569f000 	C:\WINDOWS\SYSTEM32\NTASN1.dll
0x00007ffce5560000 - 0x00007ffce557c000 	C:\WINDOWS\SYSTEM32\CRYPTSP.dll
0x00007ffce4af0000 - 0x00007ffce4b2a000 	C:\WINDOWS\system32\rsaenh.dll
0x00007ffce5130000 - 0x00007ffce515b000 	C:\WINDOWS\SYSTEM32\USERENV.dll
0x00007ffce5ca0000 - 0x00007ffce5cc6000 	C:\WINDOWS\SYSTEM32\bcrypt.dll
0x00007ffce52c0000 - 0x00007ffce52cc000 	C:\WINDOWS\SYSTEM32\CRYPTBASE.dll
0x00007ffce8550000 - 0x00007ffce855a000 	C:\WINDOWS\System32\NSI.dll
0x00007ffccc460000 - 0x00007ffccc46a000 	C:\Program Files\Java\jdk-24\bin\management.dll
0x00007ffccc450000 - 0x00007ffccc45b000 	C:\Program Files\Java\jdk-24\bin\management_ext.dll
0x00007ffce7170000 - 0x00007ffce7178000 	C:\WINDOWS\System32\PSAPI.DLL
0x00007ffccc440000 - 0x00007ffccc450000 	C:\Program Files\Java\jdk-24\bin\verify.dll
0x00007ffce4630000 - 0x00007ffce4755000 	C:\WINDOWS\SYSTEM32\DNSAPI.dll
0x00007ffcdf820000 - 0x00007ffcdf82b000 	C:\Windows\System32\rasadhlp.dll
0x00007ffcde140000 - 0x00007ffcde1c5000 	C:\WINDOWS\System32\fwpuclnt.dll
0x00007ffcccce0000 - 0x00007ffcccce9000 	C:\Program Files\Java\jdk-24\bin\extnet.dll
0x00007ffcc4d80000 - 0x00007ffcc4d88000 	C:\WINDOWS\system32\wshunix.dll

JVMTI agents:
jdwp path:C:\Program Files\Java\jdk-24\bin\jdwp.dll, loaded, initialized, options:transport=dt_socket,address=127.0.0.1:62796,suspend=y,server=n
C:\Users\PC_01\AppData\Local\JetBrains\IdeaIC2024.3\captureAgent\debugger-agent.jar path:C:\Program Files\Java\jdk-24\bin\instrument.dll, loaded, initialized, instrumentlib options:none

dbghelp: loaded successfully - version: 4.0.5 - missing functions: none
symbol engine: initialized successfully - sym options: 0x614 - pdb path: .;C:\Program Files\Java\jdk-24\bin;C:\WINDOWS\SYSTEM32;C:\WINDOWS\WinSxS\amd64_microsoft.windows.common-controls_6595b64144ccf1df_6.0.26100.3624_none_3e086962e3345f24;C:\Program Files\Java\jdk-24\bin\server

VM Arguments:
jvm_args: -agentlib:jdwp=transport=dt_socket,address=127.0.0.1:62796,suspend=y,server=n --enable-native-access=ALL-UNNAMED --enable-preview -javaagent:C:\Users\PC_01\AppData\Local\JetBrains\IdeaIC2024.3\captureAgent\debugger-agent.jar -Dkotlinx.coroutines.debug.enable.creation.stack.trace=false -Ddebugger.agent.enable.coroutines=true -Dkotlinx.coroutines.debug.enable.flows.stack.trace=true -Dkotlinx.coroutines.debug.enable.mutable.state.flows.stack.trace=true -Dfile.encoding=UTF-8 -Dsun.stdout.encoding=UTF-8 -Dsun.stderr.encoding=UTF-8 
java_command: com.project_sem4.book_store.BookStoreApplication
java_class_path (initial): C:\Users\PC_01\OneDrive\My tnh\projectSem4\book-store\target\classes;C:\Users\PC_01\.m2\repository\org\springframework\boot\spring-boot-starter-web\3.4.5\spring-boot-starter-web-3.4.5.jar;C:\Users\PC_01\.m2\repository\org\springframework\boot\spring-boot-starter\3.4.5\spring-boot-starter-3.4.5.jar;C:\Users\PC_01\.m2\repository\org\springframework\boot\spring-boot\3.4.5\spring-boot-3.4.5.jar;C:\Users\PC_01\.m2\repository\org\springframework\boot\spring-boot-autoconfigure\3.4.5\spring-boot-autoconfigure-3.4.5.jar;C:\Users\PC_01\.m2\repository\org\springframework\boot\spring-boot-starter-logging\3.4.5\spring-boot-starter-logging-3.4.5.jar;C:\Users\PC_01\.m2\repository\ch\qos\logback\logback-classic\1.5.18\logback-classic-1.5.18.jar;C:\Users\PC_01\.m2\repository\ch\qos\logback\logback-core\1.5.18\logback-core-1.5.18.jar;C:\Users\PC_01\.m2\repository\org\apache\logging\log4j\log4j-to-slf4j\2.24.3\log4j-to-slf4j-2.24.3.jar;C:\Users\PC_01\.m2\repository\org\apache\logging\log4j\log4j-api\2.24.3\log4j-api-2.24.3.jar;C:\Users\PC_01\.m2\repository\org\slf4j\jul-to-slf4j\2.0.17\jul-to-slf4j-2.0.17.jar;C:\Users\PC_01\.m2\repository\jakarta\annotation\jakarta.annotation-api\2.1.1\jakarta.annotation-api-2.1.1.jar;C:\Users\PC_01\.m2\repository\org\yaml\snakeyaml\2.3\snakeyaml-2.3.jar;C:\Users\PC_01\.m2\repository\org\springframework\boot\spring-boot-starter-json\3.4.5\spring-boot-starter-json-3.4.5.jar;C:\Users\PC_01\.m2\repository\com\fasterxml\jackson\core\jackson-databind\2.18.3\jackson-databind-2.18.3.jar;C:\Users\PC_01\.m2\repository\com\fasterxml\jackson\core\jackson-annotations\2.18.3\jackson-annotations-2.18.3.jar;C:\Users\PC_01\.m2\repository\com\fasterxml\jackson\core\jackson-core\2.18.3\jackson-core-2.18.3.jar;C:\Users\PC_01\.m2\repository\com\fasterxml\jackson\datatype\jackson-datatype-jdk8\2.18.3\jackson-datatype-jdk8-2.18.3.jar;C:\Users\PC_01\.m2\repository\com\fasterxml\jackson\datatype\jackson-datatype-jsr310\2.18.3\jackson-datatype-jsr310-2.18.3.jar;C:\Users\PC_01\.m2\repository\com\fasterxml\jackson\module\jackson-module-parameter-names\2.18.3\jackson-module-parameter-names-2.18.3.jar;C:\Users\PC_01\.m2\repository\org\springframework\boot\spring-boot-starter-tomcat\3.4.5\spring-boot-starter-tomcat-3.4.5.jar;C:\Users\PC_01\.m2\repository\org\apache\tomcat\embed\tomcat-embed-core\10.1.40\tomcat-embed-core-10.1.40.jar;C:\Users\PC_01\.m2\repository\org\apache\tomcat\embed\tomcat-embed-websocket\10.1.40\tomcat-embed-websocket-10.1.40.jar;C:\Users\PC_01\.m2\repository\org\springframework\spring-web\6.2.6\spring-web-6.2.6.jar;C:\Users\PC_01\.m2\repository\org\springframework\spring-beans\6.2.6\spring-beans-6.2.6.jar;C:\Users\PC_01\.m2\repository\io\micrometer\micrometer-observation\1.14.6\micrometer-observation-1.14.6.jar;C:\Users\PC_01\.m2\repository\io\micrometer\micrometer-commons\1.14.6\micrometer-commons-1.14.6.jar;C:\Users\PC_01\.m2\repository\org\springframework\spring-webmvc\6.2.6\spring-webmvc-6.2.6.jar;C:\Users\PC_01\.m2\repository\org\springframework\spring-context\6.2.6\spring-context-6.2.6.jar;C:\Users\PC_01\.m2\repository\org\springframework\spring-expression\6.2.6\spring-expression-6.2.6.jar;C:\Users\PC_01\.m2\repository\org\slf4j\slf4j-api\2.0.17\slf4j-api-2.0.17.jar;C:\Users\PC_01\.m2\repository\jakarta\xml\bind\jakarta.xml.bind-api\4.0.2\jakarta.xml.bind-api-4.0.2.jar;C:\Users\PC_01\.m2\repository\jakarta\activation\jakarta.activation-api\2.1.3\jakarta.activation-api-2.1.3.jar;C:\Users\PC_01\.m2\repository\net\bytebuddy\byte-buddy\1.15.11\byte-buddy-1.15.11.jar;C:\Users\PC_01\.m2\repository\org\springframework\spring-core\6.2.6\spring-core-6.2.6.jar;C:\Users\PC_01\.m2\repository\org\springframework\spring-jcl\6.2.6\spring-jcl-6.2.6.jar;C:\Users\PC_01\.m2\repository\org\springframework\boot\spring-boot-starter-security\3.4.5\spring-boot-starter-security-3.4.5.jar;C:\Users\PC_01\.m2\repository\org\springframework\spring-aop\6.2.6\spring-aop-6.2.6.jar;C:\Users\PC_01\.m2\repository\org\springframework\security\spring-security-config\6.4.5\spring-security-config-6.4.5.jar;C:\Users\PC_01\.m2\repository\org\springframework\security\spring-security-web\6.4.5\spring-security-web-6.4.5.jar;C:\Users\PC_01\.m2\repository\org\springframework\boot\spring-boot-starter-validation\3.4.5\spring-boot-starter-validation-3.4.5.jar;C:\Users\PC_01\.m2\repository\org\apache\tomcat\embed\tomcat-embed-el\10.1.40\tomcat-embed-el-10.1.40.jar;C:\Users\PC_01\.m2\repository\org\hibernate\validator\hibernate-validator\8.0.2.Final\hibernate-validator-8.0.2.Final.jar;C:\Users\PC_01\.m2\repository\org\jboss\logging\jboss-logging\3.6.1.Final\jboss-logging-3.6.1.Final.jar;C:\Users\PC_01\.m2\repository\com\fasterxml\classmate\1.7.0\classmate-1.7.0.jar;C:\Users\PC_01\.m2\repository\org\springframework\security\spring-security-crypto\6.4.5\spring-security-crypto-6.4.5.jar;C:\Users\PC_01\.m2\repository\jakarta\persistence\jakarta.persistence-api\3.1.0\jakarta.persistence-api-3.1.0.jar;C:\Users\PC_01\.m2\repository\org\springframework\boot\spring-boot-starter-data-jpa\3.4.5\spring-boot-starter-data-jpa-3.4.5.jar;C:\Users\PC_01\.m2\repository\org\springframework\boot\spring-boot-starter-jdbc\3.4.5\spring-boot-starter-jdbc-3.4.5.jar;C:\Users\PC_01\.m2\repository\com\zaxxer\HikariCP\5.1.0\HikariCP-5.1.0.jar;C:\Users\PC_01\.m2\repository\org\springframework\spring-jdbc\6.2.6\spring-jdbc-6.2.6.jar;C:\Users\PC_01\.m2\repository\org\hibernate\orm\hibernate-core\6.6.13.Final\hibernate-core-6.6.13.Final.jar;C:\Users\PC_01\.m2\repository\jakarta\transaction\jakarta.transaction-api\2.0.1\jakarta.transaction-api-2.0.1.jar;C:\Users\PC_01\.m2\repository\org\hibernate\common\hibernate-commons-annotations\7.0.3.Final\hibernate-commons-annotations-7.0.3.Final.jar;C:\Users\PC_01\.m2\repository\io\smallrye\jandex\3.2.0\jandex-3.2.0.jar;C:\Users\PC_01\.m2\repository\org\glassfish\jaxb\jaxb-runtime\4.0.5\jaxb-runtime-4.0.5.jar;C:\Users\PC_01\.m2\repository\org\glassfish\jaxb\jaxb-core\4.0.5\jaxb-core-4.0.5.jar;C:\Users\PC_01\.m2\repository\org\glassfish\jaxb\txw2\4.0.5\txw2-4.0.5.jar;C:\Users\PC_01\.m2\repository\com\sun\istack\istack-commons-runtime\4.1.2\istack-commons-runtime-4.1.2.jar;C:\Users\PC_01\.m2\repository\jakarta\inject\jakarta.inject-api\2.0.1\jakarta.inject-api-2.0.1.jar;C:\Users\PC_01\.m2\repository\org\antlr\antlr4-runtime\4.13.0\antlr4-runtime-4.13.0.jar;C:\Users\PC_01\.m2\repository\org\springframework\data\spring-data-jpa\3.4.5\spring-data-jpa-3.4.5.jar;C:\Users\PC_01\.m2\repository\org\springframework\data\spring-data-commons\3.4.5\spring-data-commons-3.4.5.jar;C:\Users\PC_01\.m2\repository\org\springframework\spring-orm\6.2.6\spring-orm-6.2.6.jar;C:\Users\PC_01\.m2\repository\org\springframework\spring-tx\6.2.6\spring-tx-6.2.6.jar;C:\Users\PC_01\.m2\repository\org\springframework\spring-aspects\6.2.6\spring-aspects-6.2.6.jar;C:\Users\PC_01\.m2\repository\org\aspectj\aspectjweaver\1.9.24\aspectjweaver-1.9.24.jar;C:\Users\PC_01\.m2\repository\org\springframework\boot\spring-boot-starter-mail\3.4.5\spring-boot-starter-mail-3.4.5.jar;C:\Users\PC_01\.m2\repository\org\springframework\spring-context-support\6.2.6\spring-context-support-6.2.6.jar;C:\Users\PC_01\.m2\repository\org\eclipse\angus\jakarta.mail\2.0.3\jakarta.mail-2.0.3.jar;C:\Users\PC_01\.m2\repository\org\eclipse\angus\angus-activation\2.0.2\angus-activation-2.0.2.jar;C:\Users\PC_01\.m2\repository\org\springframework\boot\spring-boot-starter-oauth2-resource-server\3.4.5\spring-boot-starter-oauth2-resource-server-3.4.5.jar;C:\Users\PC_01\.m2\repository\org\springframework\security\spring-security-core\6.4.5\spring-security-core-6.4.5.jar;C:\Users\PC_01\.m2\repository\org\springframework\security\spring-security-oauth2-resource-server\6.4.5\spring-security-oauth2-resource-server-6.4.5.jar;C:\Users\PC_01\.m2\repository\org\springframework\security\spring-security-oauth2-core\6.4.5\spring-security-oauth2-core-6.4.5.jar;C:\Users\PC_01\.m2\repository\org\springframework\security\spring-security-oauth2-jose\6.4.5\spring-security-oauth2-jose-6.4.5.jar;C:\Users\PC_01\.m2\repository\com\nimbusds\nimbus-jose-jwt\9.37.3\nimbus-jose-jwt-9.37.3.jar;C:\Users\PC_01\.m2\repository\com\github\stephenc\jcip\jcip-annotations\1.0-1\jcip-annotations-1.0-1.jar;C:\Users\PC_01\.m2\repository\org\mapstruct\mapstruct\1.6.3\mapstruct-1.6.3.jar;C:\Users\PC_01\.m2\repository\com\mysql\mysql-connector-j\9.1.0\mysql-connector-j-9.1.0.jar;C:\Users\PC_01\.m2\repository\jakarta\validation\jakarta.validation-api\3.0.2\jakarta.validation-api-3.0.2.jar;C:\Users\PC_01\.m2\repository\com\sun\mail\jakarta.mail\2.0.1\jakarta.mail-2.0.1.jar;C:\Users\PC_01\.m2\repository\com\sun\activation\jakarta.activation\2.0.1\jakarta.activation-2.0.1.jar;C:\Program Files\JetBrains\IntelliJ IDEA Community Edition 2024.2.4\lib\idea_rt.jar
Launcher Type: SUN_STANDARD

[Global flags]
     intx CICompilerCount                          = 4                                         {product} {ergonomic}
     uint ConcGCThreads                            = 3                                         {product} {ergonomic}
     uint G1ConcRefinementThreads                  = 10                                        {product} {ergonomic}
   size_t G1HeapRegionSize                         = 4194304                                   {product} {ergonomic}
   size_t InitialHeapSize                          = 536870912                                 {product} {ergonomic}
   size_t MarkStackSize                            = 4194304                                   {product} {ergonomic}
   size_t MarkStackSizeMax                         = 536870912                                 {product} {ergonomic}
   size_t MaxHeapSize                              = 8543797248                                {product} {ergonomic}
   size_t MaxNewSize                               = 5125439488                                {product} {ergonomic}
   size_t MinHeapDeltaBytes                        = 4194304                                   {product} {ergonomic}
   size_t MinHeapSize                              = 8388608                                   {product} {ergonomic}
    uintx NonNMethodCodeHeapSize                   = 5832704                                {pd product} {ergonomic}
    uintx NonProfiledCodeHeapSize                  = 122945536                              {pd product} {ergonomic}
    uintx ProfiledCodeHeapSize                     = 122880000                              {pd product} {ergonomic}
    uintx ReservedCodeCacheSize                    = 251658240                              {pd product} {ergonomic}
     bool SegmentedCodeCache                       = true                                      {product} {ergonomic}
   size_t SoftMaxHeapSize                          = 8543797248                             {manageable} {ergonomic}
     bool UseCompressedOops                        = true                           {product lp64_product} {ergonomic}
     bool UseG1GC                                  = true                                      {product} {ergonomic}
     bool UseLargePagesIndividualAllocation        = false                                  {pd product} {ergonomic}

Logging:
Log output configuration:
 #0: stdout all=warning uptime,level,tags foldmultilines=false
 #1: stderr all=off uptime,level,tags foldmultilines=false

Environment Variables:
JAVA_HOME=C:\Program Files\Java\jdk-24
PATH=C:\Program Files\Java\jdk-24\bin;C:\WINDOWS\system32;C:\WINDOWS;C:\WINDOWS\System32\Wbem;C:\WINDOWS\System32\WindowsPowerShell\v1.0\;C:\WINDOWS\System32\OpenSSH\;C:\Program Files\dotnet\;C:\Program Files\Microsoft SQL Server\150\Tools\Binn\;C:\Program Files\Microsoft SQL Server\Client SDK\ODBC\170\Tools\Binn\;C:\Program Files (x86)\Windows Kits\10\Windows Performance Toolkit\;C:\Program Files\nodejs\;C:\Program Files (x86)\Microsoft SQL Server\160\Tools\Binn\;C:\Program Files\Microsoft SQL Server\160\Tools\Binn\;C:\Program Files\Microsoft SQL Server\160\DTS\Binn\;C:\Program Files (x86)\Microsoft SQL Server\160\DTS\Binn\;C:\Program Files\Git\cmd;C:\Program Files\Docker\Docker\resources\bin;C:\Program Files\Cloudflare\Cloudflare WARP\;C:\Program Files\Apache\Maven\apache-maven-3.9.9\bin;C:\Program Files\Java\jdk-24\bin;C:\Users\PC_01\AppData\Local\Microsoft\WindowsApps;C:\Users\PC_01\AppData\Local\Programs\Microsoft VS Code\bin;C:\Users\PC_01\.dotnet\tools;C:\Users\PC_01\AppData\Roaming\npm;C:\Program Files\nodejs;C:\Users\PC_01\AppData\Local\Android\Sdk\platform-tools;
USERNAME=PC_01
OS=Windows_NT
PROCESSOR_IDENTIFIER=Intel64 Family 6 Model 151 Stepping 2, GenuineIntel
TMP=C:\Users\PC_01\AppData\Local\Temp
TEMP=C:\Users\PC_01\AppData\Local\Temp




Periodic native trim disabled

---------------  S Y S T E M  ---------------

OS:
 Windows 11 , 64 bit Build 26100 (10.0.26100.3775)
OS uptime: 0 days 18:31 hours
Hyper-V role detected

CPU: total 12 (initial active 12) (6 cores per cpu, 2 threads per core) family 6 model 151 stepping 2 microcode 0x34, cx8, cmov, fxsr, ht, mmx, 3dnowpref, sse, sse2, sse3, ssse3, sse4.1, sse4.2, popcnt, lzcnt, tsc, tscinvbit, avx, avx2, aes, erms, clmul, bmi1, bmi2, adx, sha, fma, vzeroupper, clflush, clflushopt, clwb, hv, serialize, rdtscp, rdpid, fsrm, gfni, f16c, cet_ibt, cet_ss
Processor Information for the first 12 processors :
  Max Mhz: 2500, Current Mhz: 2500, Mhz Limit: 2500

Memory: 4k page, system-wide physical 32578M (5773M free)
TotalPageFile size 54082M (AvailPageFile size 11066M)
current process WorkingSet (physical memory assigned to process): 354M, peak: 395M
current process commit charge ("private bytes"): 398M, peak: 677M

vm_info: Java HotSpot(TM) 64-Bit Server VM (24.0.1+9-30) for windows-amd64 JRE (24.0.1+9-30), built on 2025-03-05T07:23:45Z with MS VC++ 17.6 (VS2022)

END.
